<?xml version="1.0" encoding="UTF-8"?>
<!-- Generated by org.testng.reporters.JUnitXMLReporter -->
<testsuite hostname="Ali-MacBook-Air.local" ignored="0" name="Default test" tests="3" failures="0" timestamp="2020-02-17T01:10:06 EST" time="14.261" errors="0">
  <testcase name="logoValidation" time="0.125" classname="com.class01.TitleLogoAndLoginVerification"/>
  <testcase name="titleValidation" time="0.012" classname="com.class01.TitleLogoAndLoginVerification"/>
  <testcase name="validLogin" time="2.623" classname="com.class01.TitleLogoAndLoginVerification"/>
</testsuite> <!-- Default test -->
