<?xml version="1.0" encoding="UTF-8"?>
<testng-results skipped="0" failed="0" ignored="0" total="3" passed="3">
  <reporter-output>
  </reporter-output>
  <suite name="Default suite" duration-ms="14261" started-at="2020-02-17T01:09:52 EST" finished-at="2020-02-17T01:10:06 EST">
    <groups>
    </groups>
    <test name="Default test" duration-ms="14261" started-at="2020-02-17T01:09:52 EST" finished-at="2020-02-17T01:10:06 EST">
      <class name="com.class01.TitleLogoAndLoginVerification">
        <test-method status="PASS" signature="openAndNavigate()[pri:0, instance:com.class01.TitleLogoAndLoginVerification@578486a3]" name="openAndNavigate" is-config="true" duration-ms="4236" started-at="2020-02-17T01:09:52 EST" finished-at="2020-02-17T01:09:56 EST">
          <reporter-output>
          </reporter-output>
        </test-method> <!-- openAndNavigate -->
        <test-method status="PASS" signature="logoValidation()[pri:0, instance:com.class01.TitleLogoAndLoginVerification@578486a3]" name="logoValidation" duration-ms="125" started-at="2020-02-17T01:09:56 EST" finished-at="2020-02-17T01:09:57 EST">
          <reporter-output>
          </reporter-output>
        </test-method> <!-- logoValidation -->
        <test-method status="PASS" signature="closeBrowser()[pri:0, instance:com.class01.TitleLogoAndLoginVerification@578486a3]" name="closeBrowser" is-config="true" duration-ms="158" started-at="2020-02-17T01:09:57 EST" finished-at="2020-02-17T01:09:57 EST">
          <reporter-output>
          </reporter-output>
        </test-method> <!-- closeBrowser -->
        <test-method status="PASS" signature="openAndNavigate()[pri:0, instance:com.class01.TitleLogoAndLoginVerification@578486a3]" name="openAndNavigate" is-config="true" duration-ms="3498" started-at="2020-02-17T01:09:57 EST" finished-at="2020-02-17T01:10:00 EST">
          <reporter-output>
          </reporter-output>
        </test-method> <!-- openAndNavigate -->
        <test-method status="PASS" signature="titleValidation()[pri:0, instance:com.class01.TitleLogoAndLoginVerification@578486a3]" name="titleValidation" duration-ms="12" started-at="2020-02-17T01:10:00 EST" finished-at="2020-02-17T01:10:00 EST">
          <reporter-output>
          </reporter-output>
        </test-method> <!-- titleValidation -->
        <test-method status="PASS" signature="closeBrowser()[pri:0, instance:com.class01.TitleLogoAndLoginVerification@578486a3]" name="closeBrowser" is-config="true" duration-ms="160" started-at="2020-02-17T01:10:00 EST" finished-at="2020-02-17T01:10:00 EST">
          <reporter-output>
          </reporter-output>
        </test-method> <!-- closeBrowser -->
        <test-method status="PASS" signature="openAndNavigate()[pri:0, instance:com.class01.TitleLogoAndLoginVerification@578486a3]" name="openAndNavigate" is-config="true" duration-ms="3247" started-at="2020-02-17T01:10:00 EST" finished-at="2020-02-17T01:10:04 EST">
          <reporter-output>
          </reporter-output>
        </test-method> <!-- openAndNavigate -->
        <test-method status="PASS" signature="validLogin()[pri:0, instance:com.class01.TitleLogoAndLoginVerification@578486a3]" name="validLogin" duration-ms="2623" started-at="2020-02-17T01:10:04 EST" finished-at="2020-02-17T01:10:06 EST">
          <reporter-output>
          </reporter-output>
        </test-method> <!-- validLogin -->
        <test-method status="PASS" signature="closeBrowser()[pri:0, instance:com.class01.TitleLogoAndLoginVerification@578486a3]" name="closeBrowser" is-config="true" duration-ms="150" started-at="2020-02-17T01:10:06 EST" finished-at="2020-02-17T01:10:06 EST">
          <reporter-output>
          </reporter-output>
        </test-method> <!-- closeBrowser -->
      </class> <!-- com.class01.TitleLogoAndLoginVerification -->
    </test> <!-- Default test -->
  </suite> <!-- Default suite -->
</testng-results>
